[2022-02-07 16:34:33,674] {processor.py:163} INFO - Started process (PID=2130) to work on /opt/airflow/dags/simple_etl_dag.py
[2022-02-07 16:34:33,674] {processor.py:642} INFO - Processing file /opt/airflow/dags/simple_etl_dag.py for tasks to queue
[2022-02-07 16:34:33,675] {logging_mixin.py:109} INFO - [2022-02-07 16:34:33,675] {dagbag.py:500} INFO - Filling up the DagBag from /opt/airflow/dags/simple_etl_dag.py
[2022-02-07 16:34:35,693] {processor.py:654} INFO - DAG(s) dict_keys(['simple_etl_dag']) retrieved from /opt/airflow/dags/simple_etl_dag.py
[2022-02-07 16:34:40,066] {logging_mixin.py:109} INFO - [2022-02-07 16:34:40,066] {manager.py:496} INFO - Created Permission View: can read on DAG:simple_etl_dag
[2022-02-07 16:34:40,082] {logging_mixin.py:109} INFO - [2022-02-07 16:34:40,082] {manager.py:496} INFO - Created Permission View: can edit on DAG:simple_etl_dag
[2022-02-07 16:34:40,082] {logging_mixin.py:109} INFO - [2022-02-07 16:34:40,082] {dag.py:2396} INFO - Sync 1 DAGs
[2022-02-07 16:34:40,092] {logging_mixin.py:109} INFO - [2022-02-07 16:34:40,092] {dag.py:2415} INFO - Creating ORM DAG for simple_etl_dag
[2022-02-07 16:34:40,104] {logging_mixin.py:109} INFO - [2022-02-07 16:34:40,104] {dag.py:2935} INFO - Setting next_dagrun for simple_etl_dag to None
[2022-02-07 16:34:40,120] {processor.py:171} INFO - Processing /opt/airflow/dags/simple_etl_dag.py took 6.450 seconds
[2022-02-07 16:35:40,269] {processor.py:163} INFO - Started process (PID=2185) to work on /opt/airflow/dags/simple_etl_dag.py
[2022-02-07 16:35:40,270] {processor.py:642} INFO - Processing file /opt/airflow/dags/simple_etl_dag.py for tasks to queue
[2022-02-07 16:35:40,271] {logging_mixin.py:109} INFO - [2022-02-07 16:35:40,271] {dagbag.py:500} INFO - Filling up the DagBag from /opt/airflow/dags/simple_etl_dag.py
[2022-02-07 16:35:41,310] {processor.py:654} INFO - DAG(s) dict_keys(['simple_etl_dag']) retrieved from /opt/airflow/dags/simple_etl_dag.py
[2022-02-07 16:35:41,335] {logging_mixin.py:109} INFO - [2022-02-07 16:35:41,335] {dag.py:2396} INFO - Sync 1 DAGs
[2022-02-07 16:35:41,376] {logging_mixin.py:109} INFO - [2022-02-07 16:35:41,376] {dag.py:2935} INFO - Setting next_dagrun for simple_etl_dag to None
[2022-02-07 16:35:41,414] {processor.py:171} INFO - Processing /opt/airflow/dags/simple_etl_dag.py took 1.148 seconds
[2022-02-07 16:36:41,553] {processor.py:163} INFO - Started process (PID=2239) to work on /opt/airflow/dags/simple_etl_dag.py
[2022-02-07 16:36:41,556] {processor.py:642} INFO - Processing file /opt/airflow/dags/simple_etl_dag.py for tasks to queue
[2022-02-07 16:36:41,558] {logging_mixin.py:109} INFO - [2022-02-07 16:36:41,557] {dagbag.py:500} INFO - Filling up the DagBag from /opt/airflow/dags/simple_etl_dag.py
[2022-02-07 16:36:41,865] {processor.py:654} INFO - DAG(s) dict_keys(['simple_etl_dag']) retrieved from /opt/airflow/dags/simple_etl_dag.py
[2022-02-07 16:36:41,873] {logging_mixin.py:109} INFO - [2022-02-07 16:36:41,873] {dag.py:2396} INFO - Sync 1 DAGs
[2022-02-07 16:36:41,886] {logging_mixin.py:109} INFO - [2022-02-07 16:36:41,886] {dag.py:2935} INFO - Setting next_dagrun for simple_etl_dag to None
[2022-02-07 16:36:41,896] {processor.py:171} INFO - Processing /opt/airflow/dags/simple_etl_dag.py took 0.351 seconds
[2022-02-07 16:37:42,015] {processor.py:163} INFO - Started process (PID=2296) to work on /opt/airflow/dags/simple_etl_dag.py
[2022-02-07 16:37:42,016] {processor.py:642} INFO - Processing file /opt/airflow/dags/simple_etl_dag.py for tasks to queue
[2022-02-07 16:37:42,016] {logging_mixin.py:109} INFO - [2022-02-07 16:37:42,016] {dagbag.py:500} INFO - Filling up the DagBag from /opt/airflow/dags/simple_etl_dag.py
[2022-02-07 16:37:42,417] {processor.py:654} INFO - DAG(s) dict_keys(['simple_etl_dag']) retrieved from /opt/airflow/dags/simple_etl_dag.py
[2022-02-07 16:37:42,425] {logging_mixin.py:109} INFO - [2022-02-07 16:37:42,425] {dag.py:2396} INFO - Sync 1 DAGs
[2022-02-07 16:37:42,440] {logging_mixin.py:109} INFO - [2022-02-07 16:37:42,440] {dag.py:2935} INFO - Setting next_dagrun for simple_etl_dag to None
[2022-02-07 16:37:42,452] {processor.py:171} INFO - Processing /opt/airflow/dags/simple_etl_dag.py took 0.440 seconds
[2022-02-07 16:38:42,576] {processor.py:163} INFO - Started process (PID=2352) to work on /opt/airflow/dags/simple_etl_dag.py
[2022-02-07 16:38:42,577] {processor.py:642} INFO - Processing file /opt/airflow/dags/simple_etl_dag.py for tasks to queue
[2022-02-07 16:38:42,577] {logging_mixin.py:109} INFO - [2022-02-07 16:38:42,577] {dagbag.py:500} INFO - Filling up the DagBag from /opt/airflow/dags/simple_etl_dag.py
[2022-02-07 16:38:42,957] {processor.py:654} INFO - DAG(s) dict_keys(['simple_etl_dag']) retrieved from /opt/airflow/dags/simple_etl_dag.py
[2022-02-07 16:38:42,965] {logging_mixin.py:109} INFO - [2022-02-07 16:38:42,964] {dag.py:2396} INFO - Sync 1 DAGs
[2022-02-07 16:38:42,982] {logging_mixin.py:109} INFO - [2022-02-07 16:38:42,982] {dag.py:2935} INFO - Setting next_dagrun for simple_etl_dag to None
[2022-02-07 16:38:42,991] {processor.py:171} INFO - Processing /opt/airflow/dags/simple_etl_dag.py took 0.417 seconds
[2022-02-07 16:39:43,110] {processor.py:163} INFO - Started process (PID=2397) to work on /opt/airflow/dags/simple_etl_dag.py
[2022-02-07 16:39:43,111] {processor.py:642} INFO - Processing file /opt/airflow/dags/simple_etl_dag.py for tasks to queue
[2022-02-07 16:39:43,111] {logging_mixin.py:109} INFO - [2022-02-07 16:39:43,111] {dagbag.py:500} INFO - Filling up the DagBag from /opt/airflow/dags/simple_etl_dag.py
[2022-02-07 16:39:43,496] {processor.py:654} INFO - DAG(s) dict_keys(['simple_etl_dag']) retrieved from /opt/airflow/dags/simple_etl_dag.py
[2022-02-07 16:39:43,506] {logging_mixin.py:109} INFO - [2022-02-07 16:39:43,505] {dag.py:2396} INFO - Sync 1 DAGs
[2022-02-07 16:39:43,526] {logging_mixin.py:109} INFO - [2022-02-07 16:39:43,526] {dag.py:2935} INFO - Setting next_dagrun for simple_etl_dag to None
[2022-02-07 16:39:43,537] {processor.py:171} INFO - Processing /opt/airflow/dags/simple_etl_dag.py took 0.431 seconds
[2022-02-07 16:40:43,675] {processor.py:163} INFO - Started process (PID=2451) to work on /opt/airflow/dags/simple_etl_dag.py
[2022-02-07 16:40:43,677] {processor.py:642} INFO - Processing file /opt/airflow/dags/simple_etl_dag.py for tasks to queue
[2022-02-07 16:40:43,678] {logging_mixin.py:109} INFO - [2022-02-07 16:40:43,678] {dagbag.py:500} INFO - Filling up the DagBag from /opt/airflow/dags/simple_etl_dag.py
[2022-02-07 16:40:44,082] {processor.py:654} INFO - DAG(s) dict_keys(['simple_etl_dag']) retrieved from /opt/airflow/dags/simple_etl_dag.py
[2022-02-07 16:40:44,090] {logging_mixin.py:109} INFO - [2022-02-07 16:40:44,089] {dag.py:2396} INFO - Sync 1 DAGs
[2022-02-07 16:40:44,104] {logging_mixin.py:109} INFO - [2022-02-07 16:40:44,104] {dag.py:2935} INFO - Setting next_dagrun for simple_etl_dag to None
[2022-02-07 16:40:44,113] {processor.py:171} INFO - Processing /opt/airflow/dags/simple_etl_dag.py took 0.442 seconds
[2022-02-07 16:41:44,248] {processor.py:163} INFO - Started process (PID=2503) to work on /opt/airflow/dags/simple_etl_dag.py
[2022-02-07 16:41:44,250] {processor.py:642} INFO - Processing file /opt/airflow/dags/simple_etl_dag.py for tasks to queue
[2022-02-07 16:41:44,250] {logging_mixin.py:109} INFO - [2022-02-07 16:41:44,250] {dagbag.py:500} INFO - Filling up the DagBag from /opt/airflow/dags/simple_etl_dag.py
[2022-02-07 16:41:44,593] {processor.py:654} INFO - DAG(s) dict_keys(['simple_etl_dag']) retrieved from /opt/airflow/dags/simple_etl_dag.py
[2022-02-07 16:41:44,601] {logging_mixin.py:109} INFO - [2022-02-07 16:41:44,601] {dag.py:2396} INFO - Sync 1 DAGs
[2022-02-07 16:41:44,615] {logging_mixin.py:109} INFO - [2022-02-07 16:41:44,614] {dag.py:2935} INFO - Setting next_dagrun for simple_etl_dag to None
[2022-02-07 16:41:44,624] {processor.py:171} INFO - Processing /opt/airflow/dags/simple_etl_dag.py took 0.379 seconds
[2022-02-07 16:42:44,755] {processor.py:163} INFO - Started process (PID=2558) to work on /opt/airflow/dags/simple_etl_dag.py
[2022-02-07 16:42:44,756] {processor.py:642} INFO - Processing file /opt/airflow/dags/simple_etl_dag.py for tasks to queue
[2022-02-07 16:42:44,757] {logging_mixin.py:109} INFO - [2022-02-07 16:42:44,757] {dagbag.py:500} INFO - Filling up the DagBag from /opt/airflow/dags/simple_etl_dag.py
[2022-02-07 16:42:45,087] {processor.py:654} INFO - DAG(s) dict_keys(['simple_etl_dag']) retrieved from /opt/airflow/dags/simple_etl_dag.py
[2022-02-07 16:42:45,095] {logging_mixin.py:109} INFO - [2022-02-07 16:42:45,094] {dag.py:2396} INFO - Sync 1 DAGs
[2022-02-07 16:42:45,108] {logging_mixin.py:109} INFO - [2022-02-07 16:42:45,108] {dag.py:2935} INFO - Setting next_dagrun for simple_etl_dag to None
[2022-02-07 16:42:45,118] {processor.py:171} INFO - Processing /opt/airflow/dags/simple_etl_dag.py took 0.366 seconds
