[2022-02-09 12:51:10,351] {processor.py:163} INFO - Started process (PID=39) to work on /opt/airflow/dags/simple_etl_dag.py
[2022-02-09 12:51:10,352] {processor.py:642} INFO - Processing file /opt/airflow/dags/simple_etl_dag.py for tasks to queue
[2022-02-09 12:51:10,369] {logging_mixin.py:109} INFO - [2022-02-09 12:51:10,352] {dagbag.py:500} INFO - Filling up the DagBag from /opt/airflow/dags/simple_etl_dag.py
[2022-02-09 12:51:11,877] {processor.py:654} INFO - DAG(s) dict_keys(['simple_etl_dag']) retrieved from /opt/airflow/dags/simple_etl_dag.py
[2022-02-09 12:51:17,493] {logging_mixin.py:109} INFO - [2022-02-09 12:51:17,493] {manager.py:496} INFO - Created Permission View: can read on DAG:simple_etl_dag
[2022-02-09 12:51:17,511] {logging_mixin.py:109} INFO - [2022-02-09 12:51:17,511] {manager.py:496} INFO - Created Permission View: can edit on DAG:simple_etl_dag
[2022-02-09 12:51:17,512] {logging_mixin.py:109} INFO - [2022-02-09 12:51:17,512] {dag.py:2396} INFO - Sync 1 DAGs
[2022-02-09 12:51:17,531] {logging_mixin.py:109} INFO - [2022-02-09 12:51:17,531] {dag.py:2415} INFO - Creating ORM DAG for simple_etl_dag
[2022-02-09 12:51:17,560] {logging_mixin.py:109} INFO - [2022-02-09 12:51:17,560] {dag.py:2935} INFO - Setting next_dagrun for simple_etl_dag to None
[2022-02-09 12:51:17,582] {processor.py:171} INFO - Processing /opt/airflow/dags/simple_etl_dag.py took 7.233 seconds
[2022-02-09 12:52:17,708] {processor.py:163} INFO - Started process (PID=95) to work on /opt/airflow/dags/simple_etl_dag.py
[2022-02-09 12:52:17,709] {processor.py:642} INFO - Processing file /opt/airflow/dags/simple_etl_dag.py for tasks to queue
[2022-02-09 12:52:17,710] {logging_mixin.py:109} INFO - [2022-02-09 12:52:17,710] {dagbag.py:500} INFO - Filling up the DagBag from /opt/airflow/dags/simple_etl_dag.py
[2022-02-09 12:52:18,395] {processor.py:654} INFO - DAG(s) dict_keys(['simple_etl_dag']) retrieved from /opt/airflow/dags/simple_etl_dag.py
[2022-02-09 12:52:18,405] {logging_mixin.py:109} INFO - [2022-02-09 12:52:18,405] {dag.py:2396} INFO - Sync 1 DAGs
[2022-02-09 12:52:18,419] {logging_mixin.py:109} INFO - [2022-02-09 12:52:18,419] {dag.py:2935} INFO - Setting next_dagrun for simple_etl_dag to None
[2022-02-09 12:52:18,431] {processor.py:171} INFO - Processing /opt/airflow/dags/simple_etl_dag.py took 0.725 seconds
[2022-02-09 12:53:18,567] {processor.py:163} INFO - Started process (PID=152) to work on /opt/airflow/dags/simple_etl_dag.py
[2022-02-09 12:53:18,568] {processor.py:642} INFO - Processing file /opt/airflow/dags/simple_etl_dag.py for tasks to queue
[2022-02-09 12:53:18,569] {logging_mixin.py:109} INFO - [2022-02-09 12:53:18,569] {dagbag.py:500} INFO - Filling up the DagBag from /opt/airflow/dags/simple_etl_dag.py
[2022-02-09 12:53:19,101] {processor.py:654} INFO - DAG(s) dict_keys(['simple_etl_dag']) retrieved from /opt/airflow/dags/simple_etl_dag.py
[2022-02-09 12:53:19,111] {logging_mixin.py:109} INFO - [2022-02-09 12:53:19,111] {dag.py:2396} INFO - Sync 1 DAGs
[2022-02-09 12:53:19,127] {logging_mixin.py:109} INFO - [2022-02-09 12:53:19,127] {dag.py:2935} INFO - Setting next_dagrun for simple_etl_dag to None
[2022-02-09 12:53:19,139] {processor.py:171} INFO - Processing /opt/airflow/dags/simple_etl_dag.py took 0.574 seconds
[2022-02-09 13:29:20,379] {processor.py:163} INFO - Started process (PID=40) to work on /opt/airflow/dags/simple_etl_dag.py
[2022-02-09 13:29:20,397] {processor.py:642} INFO - Processing file /opt/airflow/dags/simple_etl_dag.py for tasks to queue
[2022-02-09 13:29:20,398] {logging_mixin.py:109} INFO - [2022-02-09 13:29:20,398] {dagbag.py:500} INFO - Filling up the DagBag from /opt/airflow/dags/simple_etl_dag.py
[2022-02-09 13:29:23,490] {processor.py:654} INFO - DAG(s) dict_keys(['simple_etl_dag']) retrieved from /opt/airflow/dags/simple_etl_dag.py
[2022-02-09 13:29:31,204] {logging_mixin.py:109} INFO - [2022-02-09 13:29:31,204] {manager.py:496} INFO - Created Permission View: can edit on DAG:simple_etl_dag
[2022-02-09 13:29:31,223] {logging_mixin.py:109} INFO - [2022-02-09 13:29:31,223] {manager.py:496} INFO - Created Permission View: can read on DAG:simple_etl_dag
[2022-02-09 13:29:31,224] {logging_mixin.py:109} INFO - [2022-02-09 13:29:31,223] {dag.py:2396} INFO - Sync 1 DAGs
[2022-02-09 13:29:31,244] {logging_mixin.py:109} INFO - [2022-02-09 13:29:31,243] {dag.py:2415} INFO - Creating ORM DAG for simple_etl_dag
[2022-02-09 13:29:31,267] {logging_mixin.py:109} INFO - [2022-02-09 13:29:31,267] {dag.py:2935} INFO - Setting next_dagrun for simple_etl_dag to None
[2022-02-09 13:29:31,294] {processor.py:171} INFO - Processing /opt/airflow/dags/simple_etl_dag.py took 10.931 seconds
[2022-02-09 13:30:31,502] {processor.py:163} INFO - Started process (PID=106) to work on /opt/airflow/dags/simple_etl_dag.py
[2022-02-09 13:30:31,504] {processor.py:642} INFO - Processing file /opt/airflow/dags/simple_etl_dag.py for tasks to queue
[2022-02-09 13:30:31,506] {logging_mixin.py:109} INFO - [2022-02-09 13:30:31,506] {dagbag.py:500} INFO - Filling up the DagBag from /opt/airflow/dags/simple_etl_dag.py
[2022-02-09 13:30:32,120] {processor.py:654} INFO - DAG(s) dict_keys(['simple_etl_dag']) retrieved from /opt/airflow/dags/simple_etl_dag.py
[2022-02-09 13:30:32,126] {logging_mixin.py:109} INFO - [2022-02-09 13:30:32,126] {dag.py:2396} INFO - Sync 1 DAGs
[2022-02-09 13:30:32,137] {logging_mixin.py:109} INFO - [2022-02-09 13:30:32,137] {dag.py:2935} INFO - Setting next_dagrun for simple_etl_dag to None
[2022-02-09 13:30:32,145] {processor.py:171} INFO - Processing /opt/airflow/dags/simple_etl_dag.py took 0.645 seconds
[2022-02-09 13:31:32,253] {processor.py:163} INFO - Started process (PID=151) to work on /opt/airflow/dags/simple_etl_dag.py
[2022-02-09 13:31:32,254] {processor.py:642} INFO - Processing file /opt/airflow/dags/simple_etl_dag.py for tasks to queue
[2022-02-09 13:31:32,254] {logging_mixin.py:109} INFO - [2022-02-09 13:31:32,254] {dagbag.py:500} INFO - Filling up the DagBag from /opt/airflow/dags/simple_etl_dag.py
[2022-02-09 13:31:32,633] {processor.py:654} INFO - DAG(s) dict_keys(['simple_etl_dag']) retrieved from /opt/airflow/dags/simple_etl_dag.py
[2022-02-09 13:31:32,639] {logging_mixin.py:109} INFO - [2022-02-09 13:31:32,639] {dag.py:2396} INFO - Sync 1 DAGs
[2022-02-09 13:31:32,651] {logging_mixin.py:109} INFO - [2022-02-09 13:31:32,651] {dag.py:2935} INFO - Setting next_dagrun for simple_etl_dag to None
[2022-02-09 13:31:32,661] {processor.py:171} INFO - Processing /opt/airflow/dags/simple_etl_dag.py took 0.411 seconds
[2022-02-09 13:32:32,766] {processor.py:163} INFO - Started process (PID=204) to work on /opt/airflow/dags/simple_etl_dag.py
[2022-02-09 13:32:32,767] {processor.py:642} INFO - Processing file /opt/airflow/dags/simple_etl_dag.py for tasks to queue
[2022-02-09 13:32:32,768] {logging_mixin.py:109} INFO - [2022-02-09 13:32:32,768] {dagbag.py:500} INFO - Filling up the DagBag from /opt/airflow/dags/simple_etl_dag.py
[2022-02-09 13:32:33,244] {processor.py:654} INFO - DAG(s) dict_keys(['simple_etl_dag']) retrieved from /opt/airflow/dags/simple_etl_dag.py
[2022-02-09 13:32:33,252] {logging_mixin.py:109} INFO - [2022-02-09 13:32:33,251] {dag.py:2396} INFO - Sync 1 DAGs
[2022-02-09 13:32:33,270] {logging_mixin.py:109} INFO - [2022-02-09 13:32:33,270] {dag.py:2935} INFO - Setting next_dagrun for simple_etl_dag to None
[2022-02-09 13:32:33,279] {processor.py:171} INFO - Processing /opt/airflow/dags/simple_etl_dag.py took 0.515 seconds
[2022-02-09 13:33:33,417] {processor.py:163} INFO - Started process (PID=255) to work on /opt/airflow/dags/simple_etl_dag.py
[2022-02-09 13:33:33,420] {processor.py:642} INFO - Processing file /opt/airflow/dags/simple_etl_dag.py for tasks to queue
[2022-02-09 13:33:33,422] {logging_mixin.py:109} INFO - [2022-02-09 13:33:33,421] {dagbag.py:500} INFO - Filling up the DagBag from /opt/airflow/dags/simple_etl_dag.py
[2022-02-09 13:33:33,846] {processor.py:654} INFO - DAG(s) dict_keys(['simple_etl_dag']) retrieved from /opt/airflow/dags/simple_etl_dag.py
[2022-02-09 13:33:33,854] {logging_mixin.py:109} INFO - [2022-02-09 13:33:33,854] {dag.py:2396} INFO - Sync 1 DAGs
[2022-02-09 13:33:33,868] {logging_mixin.py:109} INFO - [2022-02-09 13:33:33,868] {dag.py:2935} INFO - Setting next_dagrun for simple_etl_dag to None
[2022-02-09 13:33:33,878] {processor.py:171} INFO - Processing /opt/airflow/dags/simple_etl_dag.py took 0.469 seconds
[2022-02-09 13:34:34,014] {processor.py:163} INFO - Started process (PID=312) to work on /opt/airflow/dags/simple_etl_dag.py
[2022-02-09 13:34:34,015] {processor.py:642} INFO - Processing file /opt/airflow/dags/simple_etl_dag.py for tasks to queue
[2022-02-09 13:34:34,016] {logging_mixin.py:109} INFO - [2022-02-09 13:34:34,015] {dagbag.py:500} INFO - Filling up the DagBag from /opt/airflow/dags/simple_etl_dag.py
[2022-02-09 13:34:34,436] {processor.py:654} INFO - DAG(s) dict_keys(['simple_etl_dag']) retrieved from /opt/airflow/dags/simple_etl_dag.py
[2022-02-09 13:34:34,443] {logging_mixin.py:109} INFO - [2022-02-09 13:34:34,443] {dag.py:2396} INFO - Sync 1 DAGs
[2022-02-09 13:34:34,458] {logging_mixin.py:109} INFO - [2022-02-09 13:34:34,458] {dag.py:2935} INFO - Setting next_dagrun for simple_etl_dag to None
[2022-02-09 13:34:34,470] {processor.py:171} INFO - Processing /opt/airflow/dags/simple_etl_dag.py took 0.458 seconds
[2022-02-09 13:35:34,590] {processor.py:163} INFO - Started process (PID=366) to work on /opt/airflow/dags/simple_etl_dag.py
[2022-02-09 13:35:34,592] {processor.py:642} INFO - Processing file /opt/airflow/dags/simple_etl_dag.py for tasks to queue
[2022-02-09 13:35:34,592] {logging_mixin.py:109} INFO - [2022-02-09 13:35:34,592] {dagbag.py:500} INFO - Filling up the DagBag from /opt/airflow/dags/simple_etl_dag.py
[2022-02-09 13:35:35,106] {processor.py:654} INFO - DAG(s) dict_keys(['simple_etl_dag']) retrieved from /opt/airflow/dags/simple_etl_dag.py
[2022-02-09 13:35:35,114] {logging_mixin.py:109} INFO - [2022-02-09 13:35:35,114] {dag.py:2396} INFO - Sync 1 DAGs
[2022-02-09 13:35:35,127] {logging_mixin.py:109} INFO - [2022-02-09 13:35:35,127] {dag.py:2935} INFO - Setting next_dagrun for simple_etl_dag to None
[2022-02-09 13:35:35,136] {processor.py:171} INFO - Processing /opt/airflow/dags/simple_etl_dag.py took 0.549 seconds
[2022-02-09 13:36:35,291] {processor.py:163} INFO - Started process (PID=411) to work on /opt/airflow/dags/simple_etl_dag.py
[2022-02-09 13:36:35,293] {processor.py:642} INFO - Processing file /opt/airflow/dags/simple_etl_dag.py for tasks to queue
[2022-02-09 13:36:35,293] {logging_mixin.py:109} INFO - [2022-02-09 13:36:35,293] {dagbag.py:500} INFO - Filling up the DagBag from /opt/airflow/dags/simple_etl_dag.py
[2022-02-09 13:36:35,685] {processor.py:654} INFO - DAG(s) dict_keys(['simple_etl_dag']) retrieved from /opt/airflow/dags/simple_etl_dag.py
[2022-02-09 13:36:35,693] {logging_mixin.py:109} INFO - [2022-02-09 13:36:35,692] {dag.py:2396} INFO - Sync 1 DAGs
[2022-02-09 13:36:35,706] {logging_mixin.py:109} INFO - [2022-02-09 13:36:35,706] {dag.py:2935} INFO - Setting next_dagrun for simple_etl_dag to None
[2022-02-09 13:36:35,720] {processor.py:171} INFO - Processing /opt/airflow/dags/simple_etl_dag.py took 0.432 seconds
[2022-02-09 13:37:36,027] {processor.py:163} INFO - Started process (PID=465) to work on /opt/airflow/dags/simple_etl_dag.py
[2022-02-09 13:37:36,028] {processor.py:642} INFO - Processing file /opt/airflow/dags/simple_etl_dag.py for tasks to queue
[2022-02-09 13:37:36,029] {logging_mixin.py:109} INFO - [2022-02-09 13:37:36,028] {dagbag.py:500} INFO - Filling up the DagBag from /opt/airflow/dags/simple_etl_dag.py
[2022-02-09 13:37:36,436] {processor.py:654} INFO - DAG(s) dict_keys(['simple_etl_dag']) retrieved from /opt/airflow/dags/simple_etl_dag.py
[2022-02-09 13:37:36,445] {logging_mixin.py:109} INFO - [2022-02-09 13:37:36,445] {dag.py:2396} INFO - Sync 1 DAGs
[2022-02-09 13:37:36,460] {logging_mixin.py:109} INFO - [2022-02-09 13:37:36,460] {dag.py:2935} INFO - Setting next_dagrun for simple_etl_dag to None
[2022-02-09 13:37:36,471] {processor.py:171} INFO - Processing /opt/airflow/dags/simple_etl_dag.py took 0.446 seconds
[2022-02-09 13:38:36,577] {processor.py:163} INFO - Started process (PID=521) to work on /opt/airflow/dags/simple_etl_dag.py
[2022-02-09 13:38:36,577] {processor.py:642} INFO - Processing file /opt/airflow/dags/simple_etl_dag.py for tasks to queue
[2022-02-09 13:38:36,578] {logging_mixin.py:109} INFO - [2022-02-09 13:38:36,578] {dagbag.py:500} INFO - Filling up the DagBag from /opt/airflow/dags/simple_etl_dag.py
[2022-02-09 13:38:36,941] {processor.py:654} INFO - DAG(s) dict_keys(['simple_etl_dag']) retrieved from /opt/airflow/dags/simple_etl_dag.py
[2022-02-09 13:38:36,948] {logging_mixin.py:109} INFO - [2022-02-09 13:38:36,947] {dag.py:2396} INFO - Sync 1 DAGs
[2022-02-09 13:38:36,961] {logging_mixin.py:109} INFO - [2022-02-09 13:38:36,961] {dag.py:2935} INFO - Setting next_dagrun for simple_etl_dag to None
[2022-02-09 13:38:36,970] {processor.py:171} INFO - Processing /opt/airflow/dags/simple_etl_dag.py took 0.395 seconds
[2022-02-09 13:39:37,076] {processor.py:163} INFO - Started process (PID=574) to work on /opt/airflow/dags/simple_etl_dag.py
[2022-02-09 13:39:37,077] {processor.py:642} INFO - Processing file /opt/airflow/dags/simple_etl_dag.py for tasks to queue
[2022-02-09 13:39:37,078] {logging_mixin.py:109} INFO - [2022-02-09 13:39:37,078] {dagbag.py:500} INFO - Filling up the DagBag from /opt/airflow/dags/simple_etl_dag.py
[2022-02-09 13:39:37,435] {processor.py:654} INFO - DAG(s) dict_keys(['simple_etl_dag']) retrieved from /opt/airflow/dags/simple_etl_dag.py
[2022-02-09 13:39:37,443] {logging_mixin.py:109} INFO - [2022-02-09 13:39:37,442] {dag.py:2396} INFO - Sync 1 DAGs
[2022-02-09 13:39:37,456] {logging_mixin.py:109} INFO - [2022-02-09 13:39:37,456] {dag.py:2935} INFO - Setting next_dagrun for simple_etl_dag to None
[2022-02-09 13:39:37,465] {processor.py:171} INFO - Processing /opt/airflow/dags/simple_etl_dag.py took 0.391 seconds
[2022-02-09 13:40:37,581] {processor.py:163} INFO - Started process (PID=615) to work on /opt/airflow/dags/simple_etl_dag.py
[2022-02-09 13:40:37,585] {processor.py:642} INFO - Processing file /opt/airflow/dags/simple_etl_dag.py for tasks to queue
[2022-02-09 13:40:37,585] {logging_mixin.py:109} INFO - [2022-02-09 13:40:37,585] {dagbag.py:500} INFO - Filling up the DagBag from /opt/airflow/dags/simple_etl_dag.py
[2022-02-09 13:40:37,920] {processor.py:654} INFO - DAG(s) dict_keys(['simple_etl_dag']) retrieved from /opt/airflow/dags/simple_etl_dag.py
[2022-02-09 13:40:37,928] {logging_mixin.py:109} INFO - [2022-02-09 13:40:37,928] {dag.py:2396} INFO - Sync 1 DAGs
[2022-02-09 13:40:37,942] {logging_mixin.py:109} INFO - [2022-02-09 13:40:37,942] {dag.py:2935} INFO - Setting next_dagrun for simple_etl_dag to None
[2022-02-09 13:40:37,952] {processor.py:171} INFO - Processing /opt/airflow/dags/simple_etl_dag.py took 0.374 seconds
[2022-02-09 13:41:38,077] {processor.py:163} INFO - Started process (PID=667) to work on /opt/airflow/dags/simple_etl_dag.py
[2022-02-09 13:41:38,078] {processor.py:642} INFO - Processing file /opt/airflow/dags/simple_etl_dag.py for tasks to queue
[2022-02-09 13:41:38,079] {logging_mixin.py:109} INFO - [2022-02-09 13:41:38,079] {dagbag.py:500} INFO - Filling up the DagBag from /opt/airflow/dags/simple_etl_dag.py
[2022-02-09 13:41:38,436] {processor.py:654} INFO - DAG(s) dict_keys(['simple_etl_dag']) retrieved from /opt/airflow/dags/simple_etl_dag.py
[2022-02-09 13:41:38,444] {logging_mixin.py:109} INFO - [2022-02-09 13:41:38,444] {dag.py:2396} INFO - Sync 1 DAGs
[2022-02-09 13:41:38,460] {logging_mixin.py:109} INFO - [2022-02-09 13:41:38,460] {dag.py:2935} INFO - Setting next_dagrun for simple_etl_dag to None
[2022-02-09 13:41:38,469] {processor.py:171} INFO - Processing /opt/airflow/dags/simple_etl_dag.py took 0.398 seconds
[2022-02-09 13:42:38,579] {processor.py:163} INFO - Started process (PID=715) to work on /opt/airflow/dags/simple_etl_dag.py
[2022-02-09 13:42:38,580] {processor.py:642} INFO - Processing file /opt/airflow/dags/simple_etl_dag.py for tasks to queue
[2022-02-09 13:42:38,580] {logging_mixin.py:109} INFO - [2022-02-09 13:42:38,580] {dagbag.py:500} INFO - Filling up the DagBag from /opt/airflow/dags/simple_etl_dag.py
[2022-02-09 13:42:38,963] {processor.py:654} INFO - DAG(s) dict_keys(['simple_etl_dag']) retrieved from /opt/airflow/dags/simple_etl_dag.py
[2022-02-09 13:42:38,971] {logging_mixin.py:109} INFO - [2022-02-09 13:42:38,971] {dag.py:2396} INFO - Sync 1 DAGs
[2022-02-09 13:42:38,985] {logging_mixin.py:109} INFO - [2022-02-09 13:42:38,985] {dag.py:2935} INFO - Setting next_dagrun for simple_etl_dag to None
[2022-02-09 13:42:38,994] {processor.py:171} INFO - Processing /opt/airflow/dags/simple_etl_dag.py took 0.417 seconds
[2022-02-09 13:43:39,122] {processor.py:163} INFO - Started process (PID=766) to work on /opt/airflow/dags/simple_etl_dag.py
[2022-02-09 13:43:39,125] {processor.py:642} INFO - Processing file /opt/airflow/dags/simple_etl_dag.py for tasks to queue
[2022-02-09 13:43:39,127] {logging_mixin.py:109} INFO - [2022-02-09 13:43:39,126] {dagbag.py:500} INFO - Filling up the DagBag from /opt/airflow/dags/simple_etl_dag.py
[2022-02-09 13:43:39,537] {processor.py:654} INFO - DAG(s) dict_keys(['simple_etl_dag']) retrieved from /opt/airflow/dags/simple_etl_dag.py
[2022-02-09 13:43:39,545] {logging_mixin.py:109} INFO - [2022-02-09 13:43:39,544] {dag.py:2396} INFO - Sync 1 DAGs
[2022-02-09 13:43:39,558] {logging_mixin.py:109} INFO - [2022-02-09 13:43:39,558] {dag.py:2935} INFO - Setting next_dagrun for simple_etl_dag to None
[2022-02-09 13:43:39,567] {processor.py:171} INFO - Processing /opt/airflow/dags/simple_etl_dag.py took 0.452 seconds
[2022-02-09 13:45:00,626] {processor.py:163} INFO - Started process (PID=38) to work on /opt/airflow/dags/simple_etl_dag.py
[2022-02-09 13:45:00,633] {processor.py:642} INFO - Processing file /opt/airflow/dags/simple_etl_dag.py for tasks to queue
[2022-02-09 13:45:00,634] {logging_mixin.py:109} INFO - [2022-02-09 13:45:00,633] {dagbag.py:500} INFO - Filling up the DagBag from /opt/airflow/dags/simple_etl_dag.py
[2022-02-09 13:45:01,662] {processor.py:654} INFO - DAG(s) dict_keys(['simple_etl_dag']) retrieved from /opt/airflow/dags/simple_etl_dag.py
[2022-02-09 13:45:01,691] {logging_mixin.py:109} INFO - [2022-02-09 13:45:01,691] {dag.py:2396} INFO - Sync 1 DAGs
[2022-02-09 13:45:01,733] {logging_mixin.py:109} INFO - [2022-02-09 13:45:01,733] {dag.py:2935} INFO - Setting next_dagrun for simple_etl_dag to None
[2022-02-09 13:45:01,743] {processor.py:171} INFO - Processing /opt/airflow/dags/simple_etl_dag.py took 1.139 seconds
[2022-02-09 13:46:01,900] {processor.py:163} INFO - Started process (PID=81) to work on /opt/airflow/dags/simple_etl_dag.py
[2022-02-09 13:46:01,902] {processor.py:642} INFO - Processing file /opt/airflow/dags/simple_etl_dag.py for tasks to queue
[2022-02-09 13:46:01,903] {logging_mixin.py:109} INFO - [2022-02-09 13:46:01,902] {dagbag.py:500} INFO - Filling up the DagBag from /opt/airflow/dags/simple_etl_dag.py
[2022-02-09 13:46:02,468] {processor.py:654} INFO - DAG(s) dict_keys(['simple_etl_dag']) retrieved from /opt/airflow/dags/simple_etl_dag.py
[2022-02-09 13:46:02,475] {logging_mixin.py:109} INFO - [2022-02-09 13:46:02,475] {dag.py:2396} INFO - Sync 1 DAGs
[2022-02-09 13:46:02,490] {logging_mixin.py:109} INFO - [2022-02-09 13:46:02,489] {dag.py:2935} INFO - Setting next_dagrun for simple_etl_dag to None
[2022-02-09 13:46:02,499] {processor.py:171} INFO - Processing /opt/airflow/dags/simple_etl_dag.py took 0.603 seconds
